TN:
SF:script/deployFactory.s.sol
DA:10,10
FN:10,deployFactory.run
FNDA:10,deployFactory.run
DA:11,10
DA:12,10
DA:13,10
FNF:1
FNH:1
LF:4
LH:4
BRF:0
BRH:0
end_of_record
TN:
SF:script/deployPool.s.sol
DA:10,32
FN:10,deployPool.run
FNDA:32,deployPool.run
DA:11,32
DA:12,32
DA:13,32
FNF:1
FNH:1
LF:4
LH:4
BRF:0
BRH:0
end_of_record
TN:
SF:src/Router.sol
DA:22,23
FN:22,Router.constructor
FNDA:23,Router.constructor
DA:23,23
BRDA:23,0,0,-
BRDA:23,0,1,23
DA:24,23
DA:25,23
DA:28,17
FN:28,Router.addLiquidity
FNDA:17,Router.addLiquidity
DA:35,17
BRDA:35,1,0,1
BRDA:35,1,1,16
DA:36,16
BRDA:36,2,0,1
BRDA:36,2,1,15
DA:38,15
DA:43,15
BRDA:43,3,0,13
DA:44,13
DA:47,15
DA:48,15
DA:50,15
DA:51,15
DA:53,15
BRDA:53,4,0,14
BRDA:53,4,1,1
DA:55,14
DA:56,14
DA:58,1
DA:59,1
DA:64,1
DA:66,1
BRDA:66,5,0,1
BRDA:66,5,1,-
DA:67,1
DA:68,1
DA:71,0
DA:72,0
DA:73,0
DA:76,1
DA:79,15
DA:80,15
DA:82,15
DA:84,15
DA:87,9
FN:87,Router.getExpectedAddr
FNDA:9,Router.getExpectedAddr
DA:91,22
DA:92,22
DA:93,22
DA:96,22
DA:99,1
FN:99,Router.sortToken
FNDA:1,Router.sortToken
DA:103,24
DA:108,4
FN:108,Router.swap
FNDA:4,Router.swap
DA:115,4
BRDA:115,6,0,1
BRDA:115,6,1,3
DA:116,3
DA:117,3
DA:118,3
DA:119,5
DA:120,5
DA:121,5
DA:122,5
DA:123,5
DA:124,5
DA:125,5
DA:128,5
DA:134,5
DA:138,3
BRDA:138,7,0,1
BRDA:138,7,1,2
DA:142,2
DA:144,2
DA:145,2
DA:146,4
DA:147,4
DA:148,4
DA:149,4
DA:152,4
DA:161,4
FN:161,Router.removeLiquidity
FNDA:4,Router.removeLiquidity
DA:168,4
DA:173,3
DA:175,3
BRDA:175,8,0,1
BRDA:175,8,1,2
DA:179,2
BRDA:179,9,0,1
BRDA:179,9,1,1
FNF:6
FNH:6
LF:66
LH:63
BRF:19
BRH:17
end_of_record
TN:
SF:src/factory.sol
DA:16,26
FN:16,factory.createPool
FNDA:26,factory.createPool
DA:21,26
BRDA:21,0,0,1
BRDA:21,0,1,25
DA:22,25
DA:25,25
BRDA:25,1,0,1
BRDA:25,1,1,24
DA:26,24
BRDA:26,2,0,2
BRDA:26,2,1,22
DA:31,22
DA:32,22
DA:34,22
DA:36,22
DA:37,22
DA:38,22
DA:39,22
DA:40,22
DA:41,22
DA:44,2
FN:44,factory.getPoolLength
FNDA:2,factory.getPoolLength
DA:45,2
FNF:2
FNH:2
LF:16
LH:16
BRF:6
BRH:6
end_of_record
TN:
SF:src/pool.sol
DA:63,63
FN:63,pool.constructor
FNDA:63,pool.constructor
DA:64,63
DA:68,64
FN:68,pool.initizalized
FNDA:64,pool.initizalized
DA:69,64
BRDA:69,0,0,1
BRDA:69,0,1,63
DA:70,63
BRDA:70,1,0,1
BRDA:70,1,1,62
DA:71,62
BRDA:71,2,0,2
BRDA:71,2,1,60
DA:72,60
BRDA:72,3,0,2
BRDA:72,3,1,58
DA:73,58
DA:74,58
DA:75,58
DA:78,43
FN:78,pool.addLiquidity
FNDA:43,pool.addLiquidity
DA:84,43
BRDA:84,4,0,1
BRDA:84,4,1,42
DA:86,42
DA:87,42
DA:88,42
BRDA:88,5,0,1
BRDA:88,5,1,41
DA:92,41
DA:93,41
DA:95,38
BRDA:95,6,0,38
DA:96,38
DA:99,41
DA:113,41
DA:117,42
FN:117,pool.mintLpToken
FNDA:42,pool.mintLpToken
DA:122,39
BRDA:122,7,0,39
BRDA:122,7,1,1
DA:123,39
DA:124,39
BRDA:124,8,0,1
DA:125,1
DA:127,38
DA:128,38
DA:130,3
DA:131,3
DA:132,3
DA:133,3
DA:134,3
DA:139,12
FN:139,pool.swap
FNDA:12,pool.swap
DA:146,12
BRDA:146,9,0,1
BRDA:146,9,1,11
DA:147,11
BRDA:147,10,0,1
BRDA:147,10,1,10
DA:148,10
BRDA:148,11,0,1
BRDA:148,11,1,9
DA:151,9
DA:152,9
DA:153,9
DA:154,9
DA:160,9
DA:162,9
BRDA:162,12,0,1
BRDA:162,12,1,8
DA:164,8
BRDA:164,13,0,1
BRDA:164,13,1,7
DA:165,2
BRDA:165,14,0,2
BRDA:165,14,1,5
DA:166,2
DA:167,2
DA:169,5
DA:170,5
DA:185,7
BRDA:185,15,0,1
BRDA:185,15,1,6
DA:189,6
DA:193,9
FN:193,pool.removeLiquidity
FNDA:9,pool.removeLiquidity
DA:198,9
BRDA:198,16,0,1
BRDA:198,16,1,8
DA:199,8
BRDA:199,17,0,1
BRDA:199,17,1,7
DA:202,7
DA:203,7
DA:204,7
DA:205,7
BRDA:205,18,0,1
BRDA:205,18,1,6
DA:207,6
DA:208,6
DA:211,6
DA:213,6
BRDA:213,19,0,1
BRDA:213,19,1,5
DA:217,5
BRDA:217,20,0,1
BRDA:217,20,1,4
DA:221,4
FNF:6
FNH:6
LF:64
LH:64
BRF:40
BRH:40
end_of_record
TN:
SF:test/mockToken0.sol
DA:7,58
FN:7,mockToken0.constructor
FNDA:58,mockToken0.constructor
DA:12,58
FNF:1
FNH:1
LF:2
LH:2
BRF:0
BRH:0
end_of_record
TN:
SF:test/mockToken1.sol
DA:7,58
FN:7,mockToken1.constructor
FNDA:58,mockToken1.constructor
DA:12,58
FNF:1
FNH:1
LF:2
LH:2
BRF:0
BRH:0
end_of_record
